#
# A fatal error has been detected by the Java Runtime Environment:
#
#  SIGSEGV (0xb) at pc=0xb77215cf, pid=25637, tid=3062053744
#
# JRE version: 6.0_23-b23
# Java VM: OpenJDK Server VM (20.0-b11 mixed mode linux-x86 )
# Derivative: IcedTea6 1.11pre
# Distribution: Ubuntu 11.10, package 6b23~pre11-0ubuntu1.11.10
# Problematic frame:
# C  [libc.so.6+0x1175cf]  getaliasbyname_r+0x4b3f
#
# If you would like to submit a bug report, please include
# instructions how to reproduce the bug and visit:
#   https://bugs.launchpad.net/ubuntu/+source/openjdk-6/
# The crash happened outside the Java Virtual Machine in native code.
# See problematic frame for where to report the bug.
#

---------------  T H R E A D  ---------------

Current thread (0x08d38000):  JavaThread "main" [_thread_in_native, id=25640, stack(0xb67e3000,0xb6834000)]

siginfo:si_signo=SIGSEGV: si_errno=0, si_code=2 (SEGV_ACCERR), si_addr=0xb77c0000

Registers:
EAX=0xb77bd820, EBX=0xb774b510, ECX=0x00003715, EDX=0x08f098c0
ESP=0xb6831ba4, EBP=0xb6831bf8, ESI=0x0000e12b, EDI=0x000027c0
EIP=0xb77215cf, EFLAGS=0x00010202, CR2=0xb77c0000

Top of Stack: (sp=0xb6831ba4)
0xb6831ba4:   08f098b8 b67a7ff4 b67a4785 08f098b8
0xb6831bb4:   b77bd81d 00005f1d b6d420dd 08dee128
0xb6831bc4:   b71c9ff4 00005f1d b77af6f2 bec81d5f
0xb6831bd4:   08dee088 0000183f 08ea0048 08dee128
0xb6831be4:   0000002a b67a454d b67a7ff4 08dee1a8
0xb6831bf4:   08dee088 b6831c38 b67a4f92 08deff48
0xb6831c04:   b6831c8a 08d38000 00000000 b6831c2c
0xb6831c14:   08d38000 08df99a8 b9375712 00000000 

Instructions: (pc=0xb77215cf)
0xb77215af:   00 81 c3 60 9f 02 00 8d 40 fb 0f 28 08 31 ff 8d
0xb77215bf:   49 e0 f3 0f 7f 06 5e 66 0f 6f 54 38 10 83 e9 20
0xb77215cf:   66 0f 6f 5c 38 20 66 0f 6f e3 66 0f 3a 0f da 05
0xb77215df:   66 0f 3a 0f d1 05 8d 7f 20 66 0f 7f 54 3a e0 66 

Register to memory mapping:

EAX=0xb77bd820: VerifyClassForMajorVersion+0x240 in /usr/lib/jvm/java-6-openjdk/jre/lib/i386/libverify.so at 0xb77b5000
EBX=0xb774b510: <offset 0x141510> in /lib/i386-linux-gnu/libc.so.6 at 0xb760a000
ECX=0x00003715 is an unknown value
EDX=0x08f098c0 is an unknown value
ESP=0xb6831ba4 is pointing into the stack for thread: 0x08d38000
EBP=0xb6831bf8 is pointing into the stack for thread: 0x08d38000
ESI=0x0000e12b is an unknown value
EDI=0x000027c0 is an unknown value


Stack: [0xb67e3000,0xb6834000],  sp=0xb6831ba4,  free space=314k
Native frames: (J=compiled Java code, j=interpreted, Vv=VM code, C=native code)
C  [libc.so.6+0x1175cf]  getaliasbyname_r+0x4b3f
C  [libzip.so+0x4f92]  ZIP_GetEntry+0xb2
C  [libzip.so+0x2fe4]  Java_java_util_zip_ZipFile_getEntry+0x104
j  java.util.zip.ZipFile.getEntry(JLjava/lang/String;Z)J+0
j  java.util.zip.ZipFile.getEntry(Ljava/lang/String;)Ljava/util/zip/ZipEntry;+31
j  java.util.jar.JarFile.getEntry(Ljava/lang/String;)Ljava/util/zip/ZipEntry;+2
j  java.util.jar.JarFile.getJarEntry(Ljava/lang/String;)Ljava/util/jar/JarEntry;+2
j  sun.misc.URLClassPath$JarLoader.getResource(Ljava/lang/String;Z)Lsun/misc/Resource;+48
j  sun.misc.URLClassPath.getResource(Ljava/lang/String;Z)Lsun/misc/Resource;+53
j  java.net.URLClassLoader$1.run()Ljava/lang/Object;+26
v  ~StubRoutines::call_stub
V  [libjvm.so+0x39a966]  JavaCalls::call_helper(JavaValue*, methodHandle*, JavaCallArguments*, Thread*)+0x2c6

Java frames: (J=compiled Java code, j=interpreted, Vv=VM code)
j  java.util.zip.ZipFile.getEntry(JLjava/lang/String;Z)J+0
j  java.util.zip.ZipFile.getEntry(Ljava/lang/String;)Ljava/util/zip/ZipEntry;+31
j  java.util.jar.JarFile.getEntry(Ljava/lang/String;)Ljava/util/zip/ZipEntry;+2
j  java.util.jar.JarFile.getJarEntry(Ljava/lang/String;)Ljava/util/jar/JarEntry;+2
j  sun.misc.URLClassPath$JarLoader.getResource(Ljava/lang/String;Z)Lsun/misc/Resource;+48
j  sun.misc.URLClassPath.getResource(Ljava/lang/String;Z)Lsun/misc/Resource;+53
j  java.net.URLClassLoader$1.run()Ljava/lang/Object;+26
v  ~StubRoutines::call_stub
j  java.security.AccessController.doPrivileged(Ljava/security/PrivilegedExceptionAction;Ljava/security/AccessControlContext;)Ljava/lang/Object;+0
j  java.net.URLClassLoader.findClass(Ljava/lang/String;)Ljava/lang/Class;+13
j  java.lang.ClassLoader.loadClass(Ljava/lang/String;Z)Ljava/lang/Class;+43
j  sun.misc.Launcher$AppClassLoader.loadClass(Ljava/lang/String;Z)Ljava/lang/Class;+36
j  java.lang.ClassLoader.loadClass(Ljava/lang/String;)Ljava/lang/Class;+3
v  ~StubRoutines::call_stub
j  AbstractSystemInputParser.parseSetup(Ljava/util/List;)V+96
j  AbstractSystemInputParser.processLine(Ljava/lang/String;)V+14
j  AbstractSystemInputReader.readSystemInput()V+34
j  MyBot.main([Ljava/lang/String;)V+63
v  ~StubRoutines::call_stub

---------------  P R O C E S S  ---------------

Java Threads: ( => current thread )
  0x08dda000 JavaThread "Low Memory Detector" daemon [_thread_blocked, id=25654, stack(0x6badc000,0x6bb2d000)]
  0x08dd8400 JavaThread "C2 CompilerThread1" daemon [_thread_blocked, id=25653, stack(0x6bb2d000,0x6bbae000)]
  0x08dd6400 JavaThread "C2 CompilerThread0" daemon [_thread_blocked, id=25652, stack(0x6bbae000,0x6bc2f000)]
  0x08dd4c00 JavaThread "Signal Dispatcher" daemon [_thread_blocked, id=25651, stack(0x6bc2f000,0x6bc80000)]
  0x08dc2000 JavaThread "Finalizer" daemon [_thread_blocked, id=25650, stack(0x6bede000,0x6bf2f000)]
  0x08dc0800 JavaThread "Reference Handler" daemon [_thread_blocked, id=25649, stack(0x6bf2f000,0x6bf80000)]
=>0x08d38000 JavaThread "main" [_thread_in_native, id=25640, stack(0xb67e3000,0xb6834000)]

Other Threads:
  0x08dbc800 VMThread [stack: 0x6bf80000,0x6c001000] [id=25648]
  0x08ddd800 WatcherThread [stack: 0x6ba5b000,0x6badc000] [id=25655]

VM state:not at safepoint (normal execution)

VM Mutex/Monitor currently owned by a thread: None

Heap
 PSYoungGen      total 18816K, used 979K [0x9e690000, 0x9fb80000, 0xb3690000)
  eden space 16192K, 6% used [0x9e690000,0x9e784ff8,0x9f660000)
  from space 2624K, 0% used [0x9f8f0000,0x9f8f0000,0x9fb80000)
  to   space 2624K, 0% used [0x9f660000,0x9f660000,0x9f8f0000)
 PSOldGen        total 43008K, used 0K [0x74690000, 0x77090000, 0x9e690000)
  object space 43008K, 0% used [0x74690000,0x74690000,0x77090000)
 PSPermGen       total 16384K, used 3274K [0x6c690000, 0x6d690000, 0x74690000)
  object space 16384K, 19% used [0x6c690000,0x6c9c2ba0,0x6d690000)

Code Cache  [0xb375f000, 0xb399f000, 0xb675f000)
 total_blobs=113 nmethods=2 adapters=66 free_code_cache=50028288 largest_free_block=6208

Dynamic libraries:
08048000-08051000 r-xp 00000000 08:05 783636     /usr/lib/jvm/java-6-openjdk/jre/bin/java
08051000-08052000 r--p 00008000 08:05 783636     /usr/lib/jvm/java-6-openjdk/jre/bin/java
08052000-08053000 rw-p 00009000 08:05 783636     /usr/lib/jvm/java-6-openjdk/jre/bin/java
08d31000-08f30000 rw-p 00000000 00:00 0          [heap]
6ba3a000-6ba42000 r-xp 00000000 08:05 803979     /usr/lib/jvm/java-6-openjdk/jre/lib/i386/libnio.so
6ba42000-6ba43000 r--p 00007000 08:05 803979     /usr/lib/jvm/java-6-openjdk/jre/lib/i386/libnio.so
6ba43000-6ba44000 rw-p 00008000 08:05 803979     /usr/lib/jvm/java-6-openjdk/jre/lib/i386/libnio.so
6ba44000-6ba59000 r-xp 00000000 08:05 812858     /usr/lib/jvm/java-6-openjdk/jre/lib/i386/libnet.so
6ba59000-6ba5a000 r--p 00014000 08:05 812858     /usr/lib/jvm/java-6-openjdk/jre/lib/i386/libnet.so
6ba5a000-6ba5b000 rw-p 00015000 08:05 812858     /usr/lib/jvm/java-6-openjdk/jre/lib/i386/libnet.so
6ba5b000-6ba5c000 ---p 00000000 00:00 0 
6ba5c000-6badc000 rw-p 00000000 00:00 0 
6badc000-6badf000 ---p 00000000 00:00 0 
6badf000-6bb2d000 rw-p 00000000 00:00 0 
6bb2d000-6bb30000 ---p 00000000 00:00 0 
6bb30000-6bbae000 rw-p 00000000 00:00 0 
6bbae000-6bbb1000 ---p 00000000 00:00 0 
6bbb1000-6bc2f000 rw-p 00000000 00:00 0 
6bc2f000-6bc32000 ---p 00000000 00:00 0 
6bc32000-6bc80000 rw-p 00000000 00:00 0 
6bc80000-6bc9e000 r--p 00858000 08:05 791999     /usr/lib/locale/locale-archive
6bc9e000-6bcde000 r--p 002bd000 08:05 791999     /usr/lib/locale/locale-archive
6bcde000-6bede000 r--p 00000000 08:05 791999     /usr/lib/locale/locale-archive
6bede000-6bee1000 ---p 00000000 00:00 0 
6bee1000-6bf2f000 rw-p 00000000 00:00 0 
6bf2f000-6bf32000 ---p 00000000 00:00 0 
6bf32000-6bf80000 rw-p 00000000 00:00 0 
6bf80000-6bf81000 ---p 00000000 00:00 0 
6bf81000-6c034000 rw-p 00000000 00:00 0 
6c034000-6c1c5000 r--s 037b8000 08:05 819064     /usr/lib/jvm/java-6-openjdk/jre/lib/rt.jar
6c1c5000-6c1c6000 ---p 00000000 00:00 0 
6c1c6000-6c246000 rw-p 00000000 00:00 0 
6c246000-6c247000 ---p 00000000 00:00 0 
6c247000-6c2cf000 rw-p 00000000 00:00 0 
6c2cf000-6c307000 rw-p 00000000 00:00 0 
6c307000-6c31c000 rw-p 00000000 00:00 0 
6c31c000-6c457000 rw-p 00000000 00:00 0 
6c457000-6c45f000 rw-p 00000000 00:00 0 
6c45f000-6c497000 rw-p 00000000 00:00 0 
6c497000-6c4ac000 rw-p 00000000 00:00 0 
6c4ac000-6c5e7000 rw-p 00000000 00:00 0 
6c5e7000-6c5f2000 rw-p 00000000 00:00 0 
6c5f2000-6c68f000 rw-p 00000000 00:00 0 
6c68f000-6d690000 rw-p 00000000 00:00 0 
6d690000-74690000 rw-p 00000000 00:00 0 
74690000-77090000 rw-p 00000000 00:00 0 
77090000-9e690000 rw-p 00000000 00:00 0 
9e690000-9fb80000 rw-p 00000000 00:00 0 
9fb80000-b3690000 rw-p 00000000 00:00 0 
b3694000-b3697000 r--s 00077000 08:05 788092     /usr/lib/jvm/java-6-openjdk/jre/lib/ext/localedata.jar
b3697000-b369f000 r--s 00066000 08:05 1073897    /usr/share/java/gnome-java-bridge.jar
b369f000-b36a8000 rw-p 00000000 00:00 0 
b36a8000-b375f000 rw-p 00000000 00:00 0 
b375f000-b399f000 rwxp 00000000 00:00 0 
b399f000-b675f000 rw-p 00000000 00:00 0 
b675f000-b676a000 r-xp 00000000 08:05 131711     /lib/i386-linux-gnu/libnss_files-2.13.so
b676a000-b676b000 r--p 0000a000 08:05 131711     /lib/i386-linux-gnu/libnss_files-2.13.so
b676b000-b676c000 rw-p 0000b000 08:05 131711     /lib/i386-linux-gnu/libnss_files-2.13.so
b676c000-b6776000 r-xp 00000000 08:05 131715     /lib/i386-linux-gnu/libnss_nis-2.13.so
b6776000-b6777000 r--p 00009000 08:05 131715     /lib/i386-linux-gnu/libnss_nis-2.13.so
b6777000-b6778000 rw-p 0000a000 08:05 131715     /lib/i386-linux-gnu/libnss_nis-2.13.so
b6778000-b678d000 r-xp 00000000 08:05 131705     /lib/i386-linux-gnu/libnsl-2.13.so
b678d000-b678e000 r--p 00015000 08:05 131705     /lib/i386-linux-gnu/libnsl-2.13.so
b678e000-b678f000 rw-p 00016000 08:05 131705     /lib/i386-linux-gnu/libnsl-2.13.so
b678f000-b6791000 rw-p 00000000 00:00 0 
b6791000-b6799000 r-xp 00000000 08:05 131707     /lib/i386-linux-gnu/libnss_compat-2.13.so
b6799000-b679a000 r--p 00007000 08:05 131707     /lib/i386-linux-gnu/libnss_compat-2.13.so
b679a000-b679b000 rw-p 00008000 08:05 131707     /lib/i386-linux-gnu/libnss_compat-2.13.so
b679d000-b67a0000 r--s 0007d000 08:05 787717     /usr/lib/jvm/java-6-openjdk/jre/lib/jsse.jar
b67a0000-b67a7000 r-xp 00000000 08:05 803980     /usr/lib/jvm/java-6-openjdk/jre/lib/i386/libzip.so
b67a7000-b67a8000 r--p 00006000 08:05 803980     /usr/lib/jvm/java-6-openjdk/jre/lib/i386/libzip.so
b67a8000-b67a9000 rw-p 00007000 08:05 803980     /usr/lib/jvm/java-6-openjdk/jre/lib/i386/libzip.so
b67a9000-b67b1000 rw-s 00000000 08:05 682871     /tmp/hsperfdata_ficik/25637
b67b1000-b67d7000 r-xp 00000000 08:05 803962     /usr/lib/jvm/java-6-openjdk/jre/lib/i386/libjava.so
b67d7000-b67d8000 r--p 00025000 08:05 803962     /usr/lib/jvm/java-6-openjdk/jre/lib/i386/libjava.so
b67d8000-b67da000 rw-p 00026000 08:05 803962     /usr/lib/jvm/java-6-openjdk/jre/lib/i386/libjava.so
b67da000-b67e1000 r-xp 00000000 08:05 131734     /lib/i386-linux-gnu/librt-2.13.so
b67e1000-b67e2000 r--p 00006000 08:05 131734     /lib/i386-linux-gnu/librt-2.13.so
b67e2000-b67e3000 rw-p 00007000 08:05 131734     /lib/i386-linux-gnu/librt-2.13.so
b67e3000-b67e6000 ---p 00000000 00:00 0 
b67e6000-b6834000 rw-p 00000000 00:00 0 
b6834000-b6850000 r-xp 00000000 08:05 131691     /lib/i386-linux-gnu/libgcc_s.so.1
b6850000-b6851000 r--p 0001b000 08:05 131691     /lib/i386-linux-gnu/libgcc_s.so.1
b6851000-b6852000 rw-p 0001c000 08:05 131691     /lib/i386-linux-gnu/libgcc_s.so.1
b6852000-b687a000 r-xp 00000000 08:05 131700     /lib/i386-linux-gnu/libm-2.13.so
b687a000-b687b000 r--p 00028000 08:05 131700     /lib/i386-linux-gnu/libm-2.13.so
b687b000-b687c000 rw-p 00029000 08:05 131700     /lib/i386-linux-gnu/libm-2.13.so
b687c000-b695a000 r-xp 00000000 08:05 788874     /usr/lib/i386-linux-gnu/libstdc++.so.6.0.16
b695a000-b695b000 ---p 000de000 08:05 788874     /usr/lib/i386-linux-gnu/libstdc++.so.6.0.16
b695b000-b695f000 r--p 000de000 08:05 788874     /usr/lib/i386-linux-gnu/libstdc++.so.6.0.16
b695f000-b6960000 rw-p 000e2000 08:05 788874     /usr/lib/i386-linux-gnu/libstdc++.so.6.0.16
b6960000-b6967000 rw-p 00000000 00:00 0 
b6967000-b7185000 r-xp 00000000 08:05 812841     /usr/lib/jvm/java-6-openjdk/jre/lib/i386/server/libjvm.so
b7185000-b71ca000 r--p 0081e000 08:05 812841     /usr/lib/jvm/java-6-openjdk/jre/lib/i386/server/libjvm.so
b71ca000-b71d9000 rw-p 00863000 08:05 812841     /usr/lib/jvm/java-6-openjdk/jre/lib/i386/server/libjvm.so
b71d9000-b75f5000 rw-p 00000000 00:00 0 
b75f5000-b7608000 r-xp 00000000 08:05 131753     /lib/i386-linux-gnu/libz.so.1.2.3.4
b7608000-b7609000 r--p 00012000 08:05 131753     /lib/i386-linux-gnu/libz.so.1.2.3.4
b7609000-b760a000 rw-p 00013000 08:05 131753     /lib/i386-linux-gnu/libz.so.1.2.3.4
b760a000-b7780000 r-xp 00000000 08:05 131670     /lib/i386-linux-gnu/libc-2.13.so
b7780000-b7782000 r--p 00176000 08:05 131670     /lib/i386-linux-gnu/libc-2.13.so
b7782000-b7783000 rw-p 00178000 08:05 131670     /lib/i386-linux-gnu/libc-2.13.so
b7783000-b7786000 rw-p 00000000 00:00 0 
b7786000-b7789000 r-xp 00000000 08:05 131681     /lib/i386-linux-gnu/libdl-2.13.so
b7789000-b778a000 r--p 00002000 08:05 131681     /lib/i386-linux-gnu/libdl-2.13.so
b778a000-b778b000 rw-p 00003000 08:05 131681     /lib/i386-linux-gnu/libdl-2.13.so
b778b000-b778f000 r-xp 00000000 08:05 803983     /usr/lib/jvm/java-6-openjdk/jre/lib/i386/jli/libjli.so
b778f000-b7790000 r--p 00003000 08:05 803983     /usr/lib/jvm/java-6-openjdk/jre/lib/i386/jli/libjli.so
b7790000-b7791000 rw-p 00004000 08:05 803983     /usr/lib/jvm/java-6-openjdk/jre/lib/i386/jli/libjli.so
b7791000-b7792000 rw-p 00000000 00:00 0 
b7792000-b77a9000 r-xp 00000000 08:05 131730     /lib/i386-linux-gnu/libpthread-2.13.so
b77a9000-b77aa000 r--p 00016000 08:05 131730     /lib/i386-linux-gnu/libpthread-2.13.so
b77aa000-b77ab000 rw-p 00017000 08:05 131730     /lib/i386-linux-gnu/libpthread-2.13.so
b77ab000-b77ad000 rw-p 00000000 00:00 0 
b77af000-b77b0000 r--s 00006000 08:02 8504003    /home/ficik/workspace/jaichallange/dist/MyBot.jar
b77b0000-b77b2000 r--s 0000f000 08:05 788097     /usr/lib/jvm/java-6-openjdk/jre/lib/ext/pulse-java.jar
b77b2000-b77b3000 r--s 00006000 08:02 8504003    /home/ficik/workspace/jaichallange/dist/MyBot.jar
b77b3000-b77b4000 rw-p 00000000 00:00 0 
b77b4000-b77b5000 r--p 00000000 00:00 0 
b77b5000-b77c0000 r-xp 00000000 08:05 812849     /usr/lib/jvm/java-6-openjdk/jre/lib/i386/libverify.so
b77c0000-b77c1000 ---p 0000b000 08:05 812849     /usr/lib/jvm/java-6-openjdk/jre/lib/i386/libverify.so
b77c1000-b77c2000 r--p 0000b000 08:05 812849     /usr/lib/jvm/java-6-openjdk/jre/lib/i386/libverify.so
b77c2000-b77c3000 rw-p 0000c000 08:05 812849     /usr/lib/jvm/java-6-openjdk/jre/lib/i386/libverify.so
b77c3000-b77c5000 rw-p 00000000 00:00 0 
b77c5000-b77c6000 r-xp 00000000 00:00 0          [vdso]
b77c6000-b77e4000 r-xp 00000000 08:05 131657     /lib/i386-linux-gnu/ld-2.13.so
b77e4000-b77e5000 r--p 0001d000 08:05 131657     /lib/i386-linux-gnu/ld-2.13.so
b77e5000-b77e6000 rw-p 0001e000 08:05 131657     /lib/i386-linux-gnu/ld-2.13.so
bfd18000-bfd4d000 rw-p 00000000 00:00 0          [stack]

VM Arguments:
java_command: MyBot.jar
Launcher Type: SUN_STANDARD

Environment Variables:
PATH=/usr/lib/lightdm/lightdm:/usr/local/sbin:/usr/local/bin:/usr/sbin:/usr/bin:/sbin:/bin:/usr/games:/home/ficik/bin
USERNAME=ficik
LD_LIBRARY_PATH=/usr/lib/jvm/java-6-openjdk/jre/lib/i386/server:/usr/lib/jvm/java-6-openjdk/jre/lib/i386:/usr/lib/jvm/java-6-openjdk/jre/../lib/i386
SHELL=/bin/bash
DISPLAY=:0

Signal Handlers:
SIGSEGV: [libjvm.so+0x66a530], sa_mask[0]=0x7ffbfeff, sa_flags=0x10000004
SIGBUS: [libjvm.so+0x66a530], sa_mask[0]=0x7ffbfeff, sa_flags=0x10000004
SIGFPE: [libjvm.so+0x52e2c0], sa_mask[0]=0x7ffbfeff, sa_flags=0x10000004
SIGPIPE: [libjvm.so+0x52e2c0], sa_mask[0]=0x7ffbfeff, sa_flags=0x10000004
SIGXFSZ: [libjvm.so+0x52e2c0], sa_mask[0]=0x7ffbfeff, sa_flags=0x10000004
SIGILL: [libjvm.so+0x52e2c0], sa_mask[0]=0x7ffbfeff, sa_flags=0x10000004
SIGUSR1: SIG_DFL, sa_mask[0]=0x00000000, sa_flags=0x00000000
SIGUSR2: [libjvm.so+0x52e150], sa_mask[0]=0x00000000, sa_flags=0x10000004
SIGHUP: [libjvm.so+0x5311f0], sa_mask[0]=0x7ffbfeff, sa_flags=0x10000004
SIGINT: [libjvm.so+0x5311f0], sa_mask[0]=0x7ffbfeff, sa_flags=0x10000004
SIGTERM: [libjvm.so+0x5311f0], sa_mask[0]=0x7ffbfeff, sa_flags=0x10000004
SIGQUIT: [libjvm.so+0x5311f0], sa_mask[0]=0x7ffbfeff, sa_flags=0x10000004


---------------  S Y S T E M  ---------------

OS:Ubuntu 11.10 (oneiric)
uname:Linux 3.0.0-14-generic-pae #23-Ubuntu SMP Mon Nov 21 22:07:10 UTC 2011 i686
libc:glibc 2.13 NPTL 2.13 
rlimit: STACK 8192k, CORE 0k, NPROC 32083, NOFILE 4096, AS infinity
load average:0.55 0.19 0.14

/proc/meminfo:
MemTotal:        4120800 kB
MemFree:          347400 kB
Buffers:          286084 kB
Cached:          1777596 kB
SwapCached:         1452 kB
Active:          2406352 kB
Inactive:        1154816 kB
Active(anon):    1151316 kB
Inactive(anon):   353112 kB
Active(file):    1255036 kB
Inactive(file):   801704 kB
Unevictable:          72 kB
Mlocked:              72 kB
HighTotal:       3279404 kB
HighFree:          99424 kB
LowTotal:         841396 kB
LowFree:          247976 kB
SwapTotal:       2096124 kB
SwapFree:        2088544 kB
Dirty:              3828 kB
Writeback:             0 kB
AnonPages:       1495964 kB
Mapped:           192932 kB
Shmem:              7040 kB
Slab:             141764 kB
SReclaimable:     124640 kB
SUnreclaim:        17124 kB
KernelStack:        3912 kB
PageTables:        11484 kB
NFS_Unstable:          0 kB
Bounce:                0 kB
WritebackTmp:          0 kB
CommitLimit:     4156524 kB
Committed_AS:    4007484 kB
VmallocTotal:     122880 kB
VmallocUsed:       67664 kB
VmallocChunk:      41468 kB
HardwareCorrupted:     0 kB
AnonHugePages:         0 kB
HugePages_Total:       0
HugePages_Free:        0
HugePages_Rsvd:        0
HugePages_Surp:        0
Hugepagesize:       2048 kB
DirectMap4k:       96248 kB
DirectMap2M:      817152 kB


CPU:total 2 (2 cores per cpu, 1 threads per core) family 6 model 15 stepping 13, cmov, cx8, fxsr, mmx, sse, sse2, sse3, ssse3

Memory: 4k page, physical 4120800k(347400k free), swap 2096124k(2088544k free)

vm_info: OpenJDK Server VM (20.0-b11) for linux-x86 JRE (1.6.0_23-b23), built on Oct 22 2011 01:02:34 by "buildd" with gcc 4.6.1

time: Sun Dec 18 02:17:09 2011
elapsed time: 0 seconds

